INFO:root:{"type": "freeze", "key_pressed": "5", "dt": "2021-08-07 17:35:37.569088"}
INFO:root:{"type": "freeze", "key_pressed": "5", "dt": "2021-08-07 17:36:48.004025"}
INFO:root:{"type": "freeze", "key_pressed": "5", "dt": "2021-08-07 17:37:11.370714"}
INFO:root:{"type": "ignite", "key_pressed": "4", "dt": "2021-08-07 17:40:15.053966"}
INFO:root:{"type": "bleed", "key_pressed": "1", "dt": "2021-08-07 17:40:15.076967"}
INFO:root:{"type": "ignite", "key_pressed": "4", "dt": "2021-08-07 17:40:16.137522"}
INFO:root:{"type": "ignite", "key_pressed": "4", "dt": "2021-08-07 17:40:17.223590"}
INFO:root:{"type": "ignite", "key_pressed": "4", "dt": "2021-08-07 17:40:18.314584"}
INFO:root:{"type": "ignite", "key_pressed": "4", "dt": "2021-08-07 17:40:19.389662"}
INFO:root:{"type": "ignite", "key_pressed": "4", "dt": "2021-08-07 17:40:20.465143"}
INFO:root:{"type": "ignite", "key_pressed": "4", "dt": "2021-08-07 17:40:21.530268"}
INFO:root:{"type": "ignite", "key_pressed": "4", "dt": "2021-08-07 17:40:27.979183"}
INFO:root:{"type": "ignite", "key_pressed": "4", "dt": "2021-08-07 17:40:29.045720"}
INFO:root:{"type": "ignite", "key_pressed": "4", "dt": "2021-08-07 17:40:30.122461"}
INFO:root:{"type": "ignite", "key_pressed": "4", "dt": "2021-08-07 17:40:31.203709"}
INFO:root:{"type": "ignite", "key_pressed": "4", "dt": "2021-08-07 17:40:32.277357"}
INFO:root:{"type": "ignite", "key_pressed": "4", "dt": "2021-08-07 17:40:33.348569"}
INFO:root:{"type": "ignite", "key_pressed": "4", "dt": "2021-08-07 17:40:34.429620"}
INFO:root:{"type": "bleed", "key_pressed": "1", "dt": "2021-08-07 17:40:38.714893"}
INFO:root:{"type": "shock", "key_pressed": "3", "dt": "2021-08-07 17:40:45.089609"}
INFO:root:{"type": "bleed", "key_pressed": "1", "dt": "2021-08-07 17:40:45.118611"}
INFO:root:{"type": "shock", "key_pressed": "3", "dt": "2021-08-07 17:43:38.725505"}
INFO:root:{"type": "shock", "key_pressed": "3", "dt": "2021-08-07 17:43:44.103622"}
INFO:root:{"type": "shock", "key_pressed": "3", "dt": "2021-08-07 17:43:49.387238"}
INFO:root:{"type": "shock", "key_pressed": "3", "dt": "2021-08-07 17:44:04.151627"}
INFO:root:{"type": "shock", "key_pressed": "3", "dt": "2021-08-07 17:44:09.417625"}
INFO:root:{"type": "shock", "key_pressed": "3", "dt": "2021-08-07 17:44:30.500860"}
INFO:root:{"type": "shock", "key_pressed": "3", "dt": "2021-08-07 17:44:35.752618"}
INFO:root:{"type": "shock", "key_pressed": "3", "dt": "2021-08-07 17:44:37.852547"}
INFO:root:{"type": "shock", "key_pressed": "3", "dt": "2021-08-07 17:44:38.916832"}
INFO:root:{"type": "shock", "key_pressed": "3", "dt": "2021-08-07 17:44:39.970025"}
INFO:root:{"type": "shock", "key_pressed": "3", "dt": "2021-08-07 17:44:48.435232"}
INFO:root:{"type": "shock", "key_pressed": "3", "dt": "2021-08-07 17:44:53.702585"}
INFO:root:{"type": "shock", "key_pressed": "3", "dt": "2021-08-07 17:44:54.752361"}
INFO:root:{"type": "shock", "key_pressed": "3", "dt": "2021-08-07 17:45:00.040640"}
INFO:root:{"type": "shock", "key_pressed": "3", "dt": "2021-08-07 17:45:01.118497"}
INFO:root:{"type": "shock", "key_pressed": "3", "dt": "2021-08-07 17:45:09.549518"}
INFO:root:{"type": "shock", "key_pressed": "3", "dt": "2021-08-07 17:45:11.650330"}
INFO:root:{"type": "shock", "key_pressed": "3", "dt": "2021-08-07 17:45:13.752997"}
INFO:root:{"type": "shock", "key_pressed": "3", "dt": "2021-08-07 17:45:19.017496"}
INFO:root:{"type": "shock", "key_pressed": "3", "dt": "2021-08-07 17:45:26.384444"}
INFO:root:{"type": "shock", "key_pressed": "3", "dt": "2021-08-07 17:45:41.134472"}
INFO:root:{"type": "shock", "key_pressed": "3", "dt": "2021-08-07 17:45:49.533372"}
INFO:root:{"type": "shock", "key_pressed": "3", "dt": "2021-08-07 17:45:55.850709"}
INFO:root:{"type": "shock", "key_pressed": "3", "dt": "2021-08-07 17:45:57.952084"}
INFO:root:{"type": "shock", "key_pressed": "3", "dt": "2021-08-07 17:46:02.186293"}
INFO:root:{"type": "shock", "key_pressed": "3", "dt": "2021-08-07 17:46:07.472309"}
INFO:root:{"type": "shock", "key_pressed": "3", "dt": "2021-08-07 17:46:08.516787"}
INFO:root:{"type": "shock", "key_pressed": "3", "dt": "2021-08-07 17:46:09.567847"}
INFO:root:{"type": "shock", "key_pressed": "3", "dt": "2021-08-07 17:46:10.621365"}
INFO:root:{"type": "shock", "key_pressed": "3", "dt": "2021-08-07 17:46:11.683703"}
INFO:root:{"type": "shock", "key_pressed": "3", "dt": "2021-08-07 17:46:13.787404"}
INFO:root:{"type": "shock", "key_pressed": "3", "dt": "2021-08-07 17:46:19.050753"}
INFO:root:{"type": "shock", "key_pressed": "3", "dt": "2021-08-07 17:46:20.100170"}
INFO:root:{"type": "shock", "key_pressed": "3", "dt": "2021-08-07 17:46:21.151323"}
INFO:root:{"type": "shock", "key_pressed": "3", "dt": "2021-08-07 17:46:22.200566"}
INFO:root:{"type": "shock", "key_pressed": "3", "dt": "2021-08-07 17:46:24.299851"}
INFO:root:{"type": "shock", "key_pressed": "3", "dt": "2021-08-07 17:46:25.351353"}
INFO:root:{"type": "shock", "key_pressed": "3", "dt": "2021-08-07 17:46:27.451507"}
INFO:root:{"type": "shock", "key_pressed": "3", "dt": "2021-08-07 17:46:30.600328"}
INFO:root:{"type": "shock", "key_pressed": "3", "dt": "2021-08-07 17:46:31.652113"}
INFO:root:{"type": "shock", "key_pressed": "3", "dt": "2021-08-07 17:46:32.706752"}
INFO:root:{"type": "shock", "key_pressed": "3", "dt": "2021-08-07 17:46:38.000738"}
INFO:root:{"type": "shock", "key_pressed": "3", "dt": "2021-08-07 17:46:44.316580"}
INFO:root:{"type": "shock", "key_pressed": "3", "dt": "2021-08-07 17:46:49.600367"}
INFO:root:{"type": "shock", "key_pressed": "3", "dt": "2021-08-07 17:46:50.650009"}
INFO:root:{"type": "shock", "key_pressed": "3", "dt": "2021-08-07 17:46:54.849475"}
INFO:root:{"type": "shock", "key_pressed": "3", "dt": "2021-08-07 17:46:56.949191"}
INFO:root:{"type": "shock", "key_pressed": "3", "dt": "2021-08-07 17:46:57.998889"}
INFO:root:{"type": "shock", "key_pressed": "3", "dt": "2021-08-07 17:46:59.049608"}
INFO:root:{"type": "shock", "key_pressed": "3", "dt": "2021-08-07 17:47:00.099390"}
INFO:root:{"type": "shock", "key_pressed": "3", "dt": "2021-08-07 17:47:01.150382"}
INFO:root:{"type": "shock", "key_pressed": "3", "dt": "2021-08-07 17:47:04.300413"}
INFO:root:{"type": "shock", "key_pressed": "3", "dt": "2021-08-07 17:47:06.399961"}
INFO:root:{"type": "shock", "key_pressed": "3", "dt": "2021-08-07 17:47:23.216657"}
INFO:root:{"type": "shock", "key_pressed": "3", "dt": "2021-08-07 17:47:35.981656"}
INFO:root:{"type": "shock", "key_pressed": "3", "dt": "2021-08-07 17:47:43.382750"}
INFO:root:{"type": "shock", "key_pressed": "3", "dt": "2021-08-07 17:47:48.686350"}
INFO:root:{"type": "freeze", "key_pressed": "5", "dt": "2021-08-07 17:47:48.699353"}
INFO:root:{"type": "shock", "key_pressed": "3", "dt": "2021-08-07 17:47:52.951299"}
INFO:root:{"type": "freeze", "key_pressed": "5", "dt": "2021-08-07 17:47:52.961302"}
INFO:root:{"type": "bleed", "key_pressed": "1", "dt": "2021-08-07 17:47:52.971303"}
INFO:root:{"type": "shock", "key_pressed": "3", "dt": "2021-08-07 17:47:54.023339"}
INFO:root:{"type": "bleed", "key_pressed": "1", "dt": "2021-08-07 17:47:58.266767"}
INFO:root:{"type": "shock", "key_pressed": "3", "dt": "2021-08-07 17:47:59.299951"}
INFO:root:{"type": "shock", "key_pressed": "3", "dt": "2021-08-07 17:48:00.348687"}
INFO:root:{"type": "shock", "key_pressed": "3", "dt": "2021-08-07 17:48:01.399380"}
INFO:root:{"type": "shock", "key_pressed": "3", "dt": "2021-08-07 17:48:02.449812"}
INFO:root:{"type": "shock", "key_pressed": "3", "dt": "2021-08-07 17:48:03.498295"}
INFO:root:{"type": "shock", "key_pressed": "3", "dt": "2021-08-07 17:48:04.550887"}
INFO:root:{"type": "shock", "key_pressed": "3", "dt": "2021-08-07 17:48:05.599215"}
INFO:root:{"type": "shock", "key_pressed": "3", "dt": "2021-08-07 17:48:06.651402"}
INFO:root:{"type": "shock", "key_pressed": "3", "dt": "2021-08-07 17:48:07.715412"}
INFO:root:{"type": "shock", "key_pressed": "3", "dt": "2021-08-07 17:48:09.815911"}
INFO:root:{"type": "shock", "key_pressed": "3", "dt": "2021-08-07 17:48:12.964849"}
INFO:root:{"type": "bleed", "key_pressed": "1", "dt": "2021-08-07 17:50:15.710676"}
INFO:root:{"type": "bleed", "key_pressed": "1", "dt": "2021-08-07 17:50:28.576312"}
INFO:root:{"type": "shock", "key_pressed": "3", "dt": "2021-08-07 17:53:32.483842"}
INFO:root:{"type": "poison", "key_pressed": "2", "dt": "2021-08-07 17:55:37.626360"}
